Active-HDL 8.3.2120.sp1.14.3884  2020-07-25 17:41:48

Elaboration top modules:
VHDL Configuration            testbench_for_control


-------------------------------------------------------------------------------------------------------
Entity     | Architecture    | Library  | Info | Compiler Version                | Compilation Options
-------------------------------------------------------------------------------------------------------
control_tb | tb_architecture | elevator |      | 8.3.2120.sp1.14.3884  (Windows) | -O3 -2002
Control    | behaviour       | elevator |      | 8.3.2120.sp1.14.3884  (Windows) | -O3 -2002
Memory     | behaviour       | elevator |      | 8.3.2120.sp1.14.3884  (Windows) | -O3 -2002
-------------------------------------------------------------------------------------------------------

-------------------------------------------------------------------------------------------------------
VHDL Configuration           | Library  | Info | Compiler Version                | Compilation Options
-------------------------------------------------------------------------------------------------------
testbench_for_control        | elevator |      | 8.3.2120.sp1.14.3884  (Windows) | -O3 -2002
-------------------------------------------------------------------------------------------------------

-------------------------------------------------------------------------------------------------------
VHDL Package                 | Library  | Info | Compiler Version                | Compilation Options
-------------------------------------------------------------------------------------------------------
standard                     | std      |      |                                 | <unavailable>
TEXTIO                       | std      |      | 8.3.2120.sp1.14.3884  (Windows) | -2008
std_logic_1164               | ieee     |      | 8.3.2120.sp1.14.3884  (Windows) | -2008
NUMERIC_STD                  | ieee     |      | 8.3.2120.sp1.14.3884  (Windows) | -2008
-------------------------------------------------------------------------------------------------------

-------------------------------------------------------------------------------------------------------
Library                      | Comment
-------------------------------------------------------------------------------------------------------
elevator                     | None
ieee                         | Standard IEEE packages library
std                          | Standard VHDL library
-------------------------------------------------------------------------------------------------------
